<?xml version="1.0" encoding="UTF-8"?>
<!-- Generated by org.testng.reporters.JUnitReportReporter -->
<testsuite skipped="0" hostname="433575CG0142L" name="com.app.retailUser.login" tests="1" failures="0" timestamp="2020-09-18T16:06:46 WAT" time="29.557" errors="0">
  <testcase name="loginWithValidCredentials" time="29.557" classname="com.app.retailUser.login"/>
  <system-out/>
</testsuite> <!-- com.app.retailUser.login -->
