<?xml version="1.0" encoding="UTF-8"?>
<!-- Generated by org.testng.reporters.JUnitReportReporter -->
<testsuite skipped="0" hostname="433575CG0142L" name="com.app.login.login" tests="1" failures="0" timestamp="2020-09-17T18:06:11 WAT" time="15.435" errors="0">
  <testcase name="loginWithValidCredentials" time="15.435" classname="com.app.login.login"/>
  <system-out/>
</testsuite> <!-- com.app.login.login -->
